# JRE version: OpenJDK Runtime Environment (8.0_202) (build 1.8.0_202-release-1483-b49-5587405)
# Java VM: OpenJDK 64-Bit Server VM (25.202-b49-5587405 mixed mode linux-amd64 compressed oops)
Heap:
 PSYoungGen      total 132096K, used 5120K [0x00000000e0000000, 0x00000000e8600000, 0x0000000100000000)
  eden space 126976K, 0% used [0x00000000e0000000,0x00000000e0000000,0x00000000e7c00000)
  from space 5120K, 100% used [0x00000000e7c00000,0x00000000e8100000,0x00000000e8100000)
  to   space 5120K, 0% used [0x00000000e8100000,0x00000000e8100000,0x00000000e8600000)
 ParOldGen       total 51200K, used 18411K [0x00000000a0000000, 0x00000000a3200000, 0x00000000e0000000)
  object space 51200K, 35% used [0x00000000a0000000,0x00000000a11fafa0,0x00000000a3200000)
 Metaspace       used 31830K, capacity 32372K, committed 32512K, reserved 1077248K
  class space    used 4401K, capacity 4587K, committed 4608K, reserved 1048576K
GC Heap History (10 events):
Event: 24,345 GC heap after
Heap after GC invocations=1 (full 0):
 PSYoungGen      total 36864K, used 4020K [0x00000000e0000000, 0x00000000e4800000, 0x0000000100000000)
  eden space 31744K, 0% used [0x00000000e0000000,0x00000000e0000000,0x00000000e1f00000)
  from space 5120K, 78% used [0x00000000e1f00000,0x00000000e22ed3a8,0x00000000e2400000)
  to   space 5120K, 0% used [0x00000000e4300000,0x00000000e4300000,0x00000000e4800000)
 ParOldGen       total 84992K, used 0K [0x00000000a0000000, 0x00000000a5300000, 0x00000000e0000000)
  object space 84992K, 0% used [0x00000000a0000000,0x00000000a0000000,0x00000000a5300000)
 Metaspace       used 6548K, capacity 6736K, committed 7040K, reserved 1056768K
  class space    used 802K, capacity 844K, committed 896K, reserved 1048576K
}
Event: 1414,795 GC heap before
{Heap before GC invocations=2 (full 0):
 PSYoungGen      total 36864K, used 35764K [0x00000000e0000000, 0x00000000e4800000, 0x0000000100000000)
  eden space 31744K, 100% used [0x00000000e0000000,0x00000000e1f00000,0x00000000e1f00000)
  from space 5120K, 78% used [0x00000000e1f00000,0x00000000e22ed3a8,0x00000000e2400000)
  to   space 5120K, 0% used [0x00000000e4300000,0x00000000e4300000,0x00000000e4800000)
 ParOldGen       total 84992K, used 0K [0x00000000a0000000, 0x00000000a5300000, 0x00000000e0000000)
  object space 84992K, 0% used [0x00000000a0000000,0x00000000a0000000,0x00000000a5300000)
 Metaspace       used 9151K, capacity 9470K, committed 9600K, reserved 1056768K
  class space    used 1216K, capacity 1325K, committed 1408K, reserved 1048576K
Event: 1414,923 GC heap after
Heap after GC invocations=2 (full 0):
 PSYoungGen      total 68608K, used 4705K [0x00000000e0000000, 0x00000000e4800000, 0x0000000100000000)
  eden space 63488K, 0% used [0x00000000e0000000,0x00000000e0000000,0x00000000e3e00000)
  from space 5120K, 91% used [0x00000000e4300000,0x00000000e47985c0,0x00000000e4800000)
  to   space 5120K, 0% used [0x00000000e3e00000,0x00000000e3e00000,0x00000000e4300000)
 ParOldGen       total 84992K, used 16K [0x00000000a0000000, 0x00000000a5300000, 0x00000000e0000000)
  object space 84992K, 0% used [0x00000000a0000000,0x00000000a0004000,0x00000000a5300000)
 Metaspace       used 9151K, capacity 9470K, committed 9600K, reserved 1056768K
  class space    used 1216K, capacity 1325K, committed 1408K, reserved 1048576K
}
Event: 1458,498 GC heap before
{Heap before GC invocations=3 (full 0):
 PSYoungGen      total 68608K, used 68193K [0x00000000e0000000, 0x00000000e4800000, 0x0000000100000000)
  eden space 63488K, 100% used [0x00000000e0000000,0x00000000e3e00000,0x00000000e3e00000)
  from space 5120K, 91% used [0x00000000e4300000,0x00000000e47985c0,0x00000000e4800000)
  to   space 5120K, 0% used [0x00000000e3e00000,0x00000000e3e00000,0x00000000e4300000)
 ParOldGen       total 84992K, used 16K [0x00000000a0000000, 0x00000000a5300000, 0x00000000e0000000)
  object space 84992K, 0% used [0x00000000a0000000,0x00000000a0004000,0x00000000a5300000)
 Metaspace       used 15507K, capacity 15950K, committed 16256K, reserved 1062912K
  class space    used 2220K, capacity 2359K, committed 2432K, reserved 1048576K
Event: 1458,948 GC heap after
Heap after GC invocations=3 (full 0):
 PSYoungGen      total 68608K, used 5088K [0x00000000e0000000, 0x00000000e8600000, 0x0000000100000000)
  eden space 63488K, 0% used [0x00000000e0000000,0x00000000e0000000,0x00000000e3e00000)
  from space 5120K, 99% used [0x00000000e3e00000,0x00000000e42f8010,0x00000000e4300000)
  to   space 5120K, 0% used [0x00000000e8100000,0x00000000e8100000,0x00000000e8600000)
 ParOldGen       total 84992K, used 5086K [0x00000000a0000000, 0x00000000a5300000, 0x00000000e0000000)
  object space 84992K, 5% used [0x00000000a0000000,0x00000000a04f7aa8,0x00000000a5300000)
 Metaspace       used 15507K, capacity 15950K, committed 16256K, reserved 1062912K
  class space    used 2220K, capacity 2359K, committed 2432K, reserved 1048576K
}
Event: 1471,872 GC heap before
{Heap before GC invocations=4 (full 0):
 PSYoungGen      total 68608K, used 55370K [0x00000000e0000000, 0x00000000e8600000, 0x0000000100000000)
  eden space 63488K, 79% used [0x00000000e0000000,0x00000000e311a840,0x00000000e3e00000)
  from space 5120K, 99% used [0x00000000e3e00000,0x00000000e42f8010,0x00000000e4300000)
  to   space 5120K, 0% used [0x00000000e8100000,0x00000000e8100000,0x00000000e8600000)
 ParOldGen       total 84992K, used 5086K [0x00000000a0000000, 0x00000000a5300000, 0x00000000e0000000)
  object space 84992K, 5% used [0x00000000a0000000,0x00000000a04f7aa8,0x00000000a5300000)
 Metaspace       used 20693K, capacity 21148K, committed 21296K, reserved 1067008K
  class space    used 2953K, capacity 3118K, committed 3200K, reserved 1048576K
Event: 1471,896 GC heap after
Heap after GC invocations=4 (full 0):
 PSYoungGen      total 132096K, used 5108K [0x00000000e0000000, 0x00000000e8600000, 0x0000000100000000)
  eden space 126976K, 0% used [0x00000000e0000000,0x00000000e0000000,0x00000000e7c00000)
  from space 5120K, 99% used [0x00000000e8100000,0x00000000e85fd050,0x00000000e8600000)
  to   space 5120K, 0% used [0x00000000e7c00000,0x00000000e7c00000,0x00000000e8100000)
 ParOldGen       total 84992K, used 10968K [0x00000000a0000000, 0x00000000a5300000, 0x00000000e0000000)
  object space 84992K, 12% used [0x00000000a0000000,0x00000000a0ab60d0,0x00000000a5300000)
 Metaspace       used 20693K, capacity 21148K, committed 21296K, reserved 1067008K
  class space    used 2953K, capacity 3118K, committed 3200K, reserved 1048576K
}
Event: 1471,897 GC heap before
{Heap before GC invocations=5 (full 1):
 PSYoungGen      total 132096K, used 5108K [0x00000000e0000000, 0x00000000e8600000, 0x0000000100000000)
  eden space 126976K, 0% used [0x00000000e0000000,0x00000000e0000000,0x00000000e7c00000)
  from space 5120K, 99% used [0x00000000e8100000,0x00000000e85fd050,0x00000000e8600000)
  to   space 5120K, 0% used [0x00000000e7c00000,0x00000000e7c00000,0x00000000e8100000)
 ParOldGen       total 84992K, used 10968K [0x00000000a0000000, 0x00000000a5300000, 0x00000000e0000000)
  object space 84992K, 12% used [0x00000000a0000000,0x00000000a0ab60d0,0x00000000a5300000)
 Metaspace       used 20693K, capacity 21148K, committed 21296K, reserved 1067008K
  class space    used 2953K, capacity 3118K, committed 3200K, reserved 1048576K
Event: 1474,044 GC heap after
Heap after GC invocations=5 (full 1):
 PSYoungGen      total 132096K, used 0K [0x00000000e0000000, 0x00000000e8600000, 0x0000000100000000)
  eden space 126976K, 0% used [0x00000000e0000000,0x00000000e0000000,0x00000000e7c00000)
  from space 5120K, 0% used [0x00000000e8100000,0x00000000e8100000,0x00000000e8600000)
  to   space 5120K, 0% used [0x00000000e7c00000,0x00000000e7c00000,0x00000000e8100000)
 ParOldGen       total 51200K, used 10905K [0x00000000a0000000, 0x00000000a3200000, 0x00000000e0000000)
  object space 51200K, 21% used [0x00000000a0000000,0x00000000a0aa6450,0x00000000a3200000)
 Metaspace       used 20693K, capacity 21148K, committed 21296K, reserved 1067008K
  class space    used 2953K, capacity 3118K, committed 3200K, reserved 1048576K
}
Event: 1520,187 GC heap before
{Heap before GC invocations=6 (full 1):
 PSYoungGen      total 132096K, used 126976K [0x00000000e0000000, 0x00000000e8600000, 0x0000000100000000)
  eden space 126976K, 100% used [0x00000000e0000000,0x00000000e7c00000,0x00000000e7c00000)
  from space 5120K, 0% used [0x00000000e8100000,0x00000000e8100000,0x00000000e8600000)
  to   space 5120K, 0% used [0x00000000e7c00000,0x00000000e7c00000,0x00000000e8100000)
 ParOldGen       total 51200K, used 10905K [0x00000000a0000000, 0x00000000a3200000, 0x00000000e0000000)
  object space 51200K, 21% used [0x00000000a0000000,0x00000000a0aa6450,0x00000000a3200000)
 Metaspace       used 31830K, capacity 32372K, committed 32512K, reserved 1077248K
  class space    used 4401K, capacity 4587K, committed 4608K, reserved 1048576K

